<?xml version="1.0" encoding="UTF-8"?>
<!-- Generated by org.testng.reporters.JUnitReportReporter -->
<testsuite hostname="SPC" failures="0" tests="3" name="com.pandeys.seleasy.inputforms.radiobuttondemo.SingleRadioButtonDemoTest" time="0.279" errors="0" timestamp="2021-01-08T18:09:59 EST" skipped="0">
  <testcase classname="com.pandeys.seleasy.inputforms.radiobuttondemo.SingleRadioButtonDemoTest" name="verifyMaleOptionSelection" time="0.112"/>
  <system-out/>
  <testcase classname="com.pandeys.seleasy.inputforms.radiobuttondemo.SingleRadioButtonDemoTest" name="verifyBlockHeader" time="0.039"/>
  <system-out/>
  <testcase classname="com.pandeys.seleasy.inputforms.radiobuttondemo.SingleRadioButtonDemoTest" name="verifyFemaleOptionSelection" time="0.128"/>
  <system-out/>
</testsuite> <!-- com.pandeys.seleasy.inputforms.radiobuttondemo.SingleRadioButtonDemoTest -->
