<?xml version="1.0" encoding="UTF-8"?>
<!-- Generated by org.testng.reporters.JUnitReportReporter -->
<testsuite hostname="SPC" failures="0" tests="5" name="com.pandeys.seleasy.inputforms.checkboxdemo.MultipleCheckboxDemoTest" time="0.415" errors="0" timestamp="2021-01-08T15:20:51 EST" skipped="0">
  <testcase classname="com.pandeys.seleasy.inputforms.checkboxdemo.MultipleCheckboxDemoTest" name="verifyCheckboxSelection" time="0.031"/>
  <system-out/>
  <testcase classname="com.pandeys.seleasy.inputforms.checkboxdemo.MultipleCheckboxDemoTest" name="verifyUncheckAllButton" time="0.100"/>
  <system-out/>
  <testcase classname="com.pandeys.seleasy.inputforms.checkboxdemo.MultipleCheckboxDemoTest" name="verifyBlockHeader" time="0.027"/>
  <system-out/>
  <testcase classname="com.pandeys.seleasy.inputforms.checkboxdemo.MultipleCheckboxDemoTest" name="verifySelectionOfAllCheckboxes" time="0.117"/>
  <system-out/>
  <testcase classname="com.pandeys.seleasy.inputforms.checkboxdemo.MultipleCheckboxDemoTest" name="verifyCheckAllButton" time="0.140"/>
  <system-out/>
</testsuite> <!-- com.pandeys.seleasy.inputforms.checkboxdemo.MultipleCheckboxDemoTest -->
