<?xml version="1.0" encoding="UTF-8"?>
<!-- Generated by org.testng.reporters.JUnitReportReporter -->
<testsuite hostname="SPC" failures="0" tests="5" name="com.pandeys.seleasy.inputforms.selectlistdemo.SelectDropdownListTest" time="0.583" errors="0" timestamp="2021-01-09T21:25:15 EST" skipped="4">
  <testcase classname="com.pandeys.seleasy.inputforms.selectlistdemo.SelectDropdownListTest" name="verifyMultiSelectionOfList" time="0.583"/>
  <system-out/>
  <testcase classname="com.pandeys.seleasy.inputforms.selectlistdemo.SelectDropdownListTest" name="verifyMultiSelectListDemoBlockHeader">
    <skipped/>
  </testcase> <!-- verifyMultiSelectListDemoBlockHeader -->
  <system-out/>
  <testcase classname="com.pandeys.seleasy.inputforms.selectlistdemo.SelectDropdownListTest" name="verifySingleSelectList">
    <skipped/>
  </testcase> <!-- verifySingleSelectList -->
  <system-out/>
  <testcase classname="com.pandeys.seleasy.inputforms.selectlistdemo.SelectDropdownListTest" name="verifyPageHeader">
    <skipped/>
  </testcase> <!-- verifyPageHeader -->
  <system-out/>
  <testcase classname="com.pandeys.seleasy.inputforms.selectlistdemo.SelectDropdownListTest" name="verifySelectListDemoBlockHeader">
    <skipped/>
  </testcase> <!-- verifySelectListDemoBlockHeader -->
  <system-out/>
</testsuite> <!-- com.pandeys.seleasy.inputforms.selectlistdemo.SelectDropdownListTest -->
