<?xml version="1.0" encoding="UTF-8"?>
<!-- Generated by org.testng.reporters.JUnitReportReporter -->
<testsuite hostname="SPC" failures="0" tests="1" name="com.pandeys.seleasy.inputforms.InputFormSubmitTest" time="18.126" errors="0" timestamp="2021-01-07T22:38:06 EST" skipped="0">
  <testcase classname="com.pandeys.seleasy.inputforms.InputFormSubmitTest" name="getTextTest" time="18.126"/>
  <system-out/>
</testsuite> <!-- com.pandeys.seleasy.inputforms.InputFormSubmitTest -->
