<?xml version="1.0" encoding="UTF-8"?>
<!-- Generated by org.testng.reporters.JUnitReportReporter -->
<testsuite hostname="SPC" failures="0" tests="4" name="com.pandeys.seleasy.home.HomePagePopupImplTest" time="38.105" errors="0" timestamp="2021-01-04T16:53:17 EST" skipped="0">
  <testcase classname="com.pandeys.seleasy.home.HomePagePopupImplTest" name="clickNoThanksTest" time="9.044"/>
  <system-out/>
  <testcase classname="com.pandeys.seleasy.home.HomePagePopupImplTest" name="clickYesPleaseTest" time="9.217"/>
  <system-out/>
  <testcase classname="com.pandeys.seleasy.home.HomePagePopupImplTest" name="getTextTest" time="11.971"/>
  <system-out/>
  <testcase classname="com.pandeys.seleasy.home.HomePagePopupImplTest" name="closePopupTest" time="7.873"/>
  <system-out/>
</testsuite> <!-- com.pandeys.seleasy.home.HomePagePopupImplTest -->
