<?xml version="1.0" encoding="UTF-8"?>
<!-- Generated by org.testng.reporters.JUnitReportReporter -->
<testsuite hostname="SPC" failures="0" tests="1" name="com.pandeys.seleasy.webdriver.ChromeOnLocalTest" time="12.564" errors="0" timestamp="2021-01-04T15:34:26 EST" skipped="0">
  <testcase classname="com.pandeys.seleasy.webdriver.ChromeOnLocalTest" name="getChromeDriverTest" time="12.564"/>
  <system-out/>
</testsuite> <!-- com.pandeys.seleasy.webdriver.ChromeOnLocalTest -->
