<?xml version="1.0" encoding="UTF-8"?>
<!-- Generated by org.testng.reporters.JUnitReportReporter -->
<testsuite hostname="SPC" failures="0" tests="2" name="com.pandeys.seleasy.datapickers.DatePickerTest" time="2.995" errors="0" timestamp="2021-01-11T21:06:44 EST" skipped="1">
  <testcase classname="com.pandeys.seleasy.datapickers.DatePickerTest" name="selectDateRange" time="2.995"/>
  <system-out/>
  <testcase classname="com.pandeys.seleasy.datapickers.DatePickerTest" name="selectDate">
    <skipped/>
  </testcase> <!-- selectDate -->
  <system-out/>
</testsuite> <!-- com.pandeys.seleasy.datapickers.DatePickerTest -->
