<?xml version="1.0" encoding="UTF-8"?>
<!-- Generated by org.testng.reporters.JUnitReportReporter -->
<testsuite hostname="SPC" failures="0" tests="1" name="com.pandeys.seleasy.webdriver.DriverFactoryTest" time="12.911" errors="0" timestamp="2021-01-04T16:19:59 EST" skipped="0">
  <testcase classname="com.pandeys.seleasy.webdriver.DriverFactoryTest" name="testDriverFactory" time="12.911"/>
  <system-out/>
</testsuite> <!-- com.pandeys.seleasy.webdriver.DriverFactoryTest -->
