<?xml version="1.0" encoding="UTF-8"?>
<!-- Generated by org.testng.reporters.JUnitReportReporter -->
<testsuite hostname="SPC" failures="0" tests="2" name="com.pandeys.seleasy.inputforms.simpleformdemo.SingleInputFieldTest" time="14.734" errors="0" timestamp="2021-01-07T23:59:34 EST" skipped="1">
  <testcase classname="com.pandeys.seleasy.inputforms.simpleformdemo.SingleInputFieldTest" name="verifyMessageInputFunctionality" time="14.734"/>
  <system-out/>
  <testcase classname="com.pandeys.seleasy.inputforms.simpleformdemo.SingleInputFieldTest" name="verifyBlockHeader">
    <skipped/>
  </testcase> <!-- verifyBlockHeader -->
  <system-out/>
</testsuite> <!-- com.pandeys.seleasy.inputforms.simpleformdemo.SingleInputFieldTest -->
