<?xml version="1.0" encoding="UTF-8"?>
<!-- Generated by org.testng.reporters.JUnitReportReporter -->
<testsuite hostname="SPC" failures="0" tests="1" name="com.pandeys.seleasy.home.BootstrapSlideTest" time="13.471" errors="0" timestamp="2021-01-07T00:29:06 EST" skipped="0">
  <testcase classname="com.pandeys.seleasy.home.BootstrapSlideTest" name="getTextTest" time="13.471"/>
  <system-out/>
</testsuite> <!-- com.pandeys.seleasy.home.BootstrapSlideTest -->
