<?xml version="1.0" encoding="UTF-8"?>
<!-- Generated by org.testng.reporters.JUnitReportReporter -->
<testsuite hostname="SPC" failures="0" tests="1" name="com.pandeys.seleasy.home.JQuerySlideTest" time="13.801" errors="0" timestamp="2021-01-07T00:29:31 EST" skipped="0">
  <testcase classname="com.pandeys.seleasy.home.JQuerySlideTest" name="getTextTest" time="13.801"/>
  <system-out/>
</testsuite> <!-- com.pandeys.seleasy.home.JQuerySlideTest -->
