<?xml version="1.0" encoding="UTF-8"?>
<!-- Generated by org.testng.reporters.JUnitReportReporter -->
<testsuite hostname="SPC" failures="0" tests="2" name="com.pandeys.seleasy.inputforms.AjaxFormSubmitTest" time="0.106" errors="0" timestamp="2021-01-10T22:27:17 EST" skipped="1">
  <testcase classname="com.pandeys.seleasy.inputforms.AjaxFormSubmitTest" name="enterNoNameSubmitForm" time="0.106"/>
  <system-out/>
  <testcase classname="com.pandeys.seleasy.inputforms.AjaxFormSubmitTest" name="enterDetailsAndSubmitForm">
    <skipped/>
  </testcase> <!-- enterDetailsAndSubmitForm -->
  <system-out/>
</testsuite> <!-- com.pandeys.seleasy.inputforms.AjaxFormSubmitTest -->
