<?xml version="1.0" encoding="UTF-8"?>
<!-- Generated by org.testng.reporters.JUnitReportReporter -->
<testsuite hostname="SPC" failures="0" tests="1" name="com.pandeys.seleasy.landingpage.HandleAlert" time="13.157" errors="0" timestamp="2021-01-04T15:46:19 EST" skipped="0">
  <testcase classname="com.pandeys.seleasy.landingpage.HandleAlert" name="readAlert" time="13.157"/>
  <system-out/>
</testsuite> <!-- com.pandeys.seleasy.landingpage.HandleAlert -->
