<?xml version="1.0" encoding="UTF-8"?>
<!-- Generated by org.testng.reporters.JUnitReportReporter -->
<testsuite hostname="SPC" failures="0" tests="3" name="com.pandeys.seleasy.inputforms.radiobuttondemo.GroupRadioButtonsDemoTest" time="0.398" errors="0" timestamp="2021-01-08T18:38:18 EST" skipped="0">
  <testcase classname="com.pandeys.seleasy.inputforms.radiobuttondemo.GroupRadioButtonsDemoTest" name="verifyBlockHeader" time="0.037"/>
  <system-out/>
  <testcase classname="com.pandeys.seleasy.inputforms.radiobuttondemo.GroupRadioButtonsDemoTest" name="verifyFemaleWith15_50AgeOptionSelection" time="0.199"/>
  <system-out/>
  <testcase classname="com.pandeys.seleasy.inputforms.radiobuttondemo.GroupRadioButtonsDemoTest" name="verifyMaleWith5_15AgeOptionSelection" time="0.162"/>
  <system-out/>
</testsuite> <!-- com.pandeys.seleasy.inputforms.radiobuttondemo.GroupRadioButtonsDemoTest -->
