<?xml version="1.0" encoding="UTF-8"?>
<!-- Generated by org.testng.reporters.JUnitReportReporter -->
<testsuite hostname="SPC" failures="0" tests="1" name="com.pandeys.seleasy.inputforms.radiobuttondemo.RadioButtonDemoTest" time="0.036" errors="0" timestamp="2021-01-08T17:29:34 EST" skipped="0">
  <testcase classname="com.pandeys.seleasy.inputforms.radiobuttondemo.RadioButtonDemoTest" name="verifyBlockHeader" time="0.036"/>
  <system-out/>
</testsuite> <!-- com.pandeys.seleasy.inputforms.radiobuttondemo.RadioButtonDemoTest -->
