<?xml version="1.0" encoding="UTF-8"?>
<!-- Generated by org.testng.reporters.JUnitReportReporter -->
<testsuite hostname="SPC" failures="0" tests="2" name="com.pandeys.seleasy.inputforms.simpleformdemo.TwoInputFieldTest" time="14.373" errors="0" timestamp="2021-01-08T00:31:56 EST" skipped="1">
  <testcase classname="com.pandeys.seleasy.inputforms.simpleformdemo.TwoInputFieldTest" name="verifyAdditionFunctionality" time="14.373"/>
  <system-out/>
  <testcase classname="com.pandeys.seleasy.inputforms.simpleformdemo.TwoInputFieldTest" name="verifyBlockHeader">
    <skipped/>
  </testcase> <!-- verifyBlockHeader -->
  <system-out/>
</testsuite> <!-- com.pandeys.seleasy.inputforms.simpleformdemo.TwoInputFieldTest -->
