<?xml version="1.0" encoding="UTF-8"?>
<!-- Generated by org.testng.reporters.JUnitReportReporter -->
<testsuite hostname="SPC" failures="0" tests="1" name="com.pandeys.seleasy.home.SeleniumExpertSlideTest" time="14.946" errors="0" timestamp="2021-01-07T00:20:31 EST" skipped="0">
  <testcase classname="com.pandeys.seleasy.home.SeleniumExpertSlideTest" name="getTextTest" time="14.946"/>
  <system-out/>
</testsuite> <!-- com.pandeys.seleasy.home.SeleniumExpertSlideTest -->
