<?xml version="1.0" encoding="UTF-8"?>
<!-- Generated by org.testng.reporters.JUnitReportReporter -->
<testsuite hostname="SPC" failures="0" tests="1" name="com.pandeys.seleasy.inputforms.InputFormSubmitTest" time="17.619" errors="0" timestamp="2021-01-10T13:11:24 EST" skipped="0">
  <testcase classname="com.pandeys.seleasy.inputforms.InputFormSubmitTest" name="enterContactInformationAndSend" time="17.619"/>
  <system-out/>
</testsuite> <!-- com.pandeys.seleasy.inputforms.InputFormSubmitTest -->
