<?xml version="1.0" encoding="UTF-8"?>
<!-- Generated by org.testng.reporters.JUnitReportReporter -->
<testsuite hostname="SPC" failures="0" tests="1" name="com.pandeys.seleasy.inputforms.checkboxdemo.CheckboxDemoTest" time="14.562" errors="0" timestamp="2021-01-08T12:44:34 EST" skipped="0">
  <testcase classname="com.pandeys.seleasy.inputforms.checkboxdemo.CheckboxDemoTest" name="verifyPageHeader" time="14.562"/>
  <system-out/>
</testsuite> <!-- com.pandeys.seleasy.inputforms.checkboxdemo.CheckboxDemoTest -->
