<?xml version="1.0" encoding="UTF-8"?>
<!-- Generated by org.testng.reporters.JUnitReportReporter -->
<testsuite hostname="SPC" failures="0" tests="2" name="com.pandeys.seleasy.SeleniumEasyHeaderTest" time="19.799" errors="0" timestamp="2021-01-05T12:16:54 EST" skipped="0">
  <testcase classname="com.pandeys.seleasy.SeleniumEasyHeaderTest" name="getSiteNameTest" time="11.291"/>
  <system-out/>
  <testcase classname="com.pandeys.seleasy.SeleniumEasyHeaderTest" name="getSiteSloganTest" time="8.508"/>
  <system-out/>
</testsuite> <!-- com.pandeys.seleasy.SeleniumEasyHeaderTest -->
