<?xml version="1.0" encoding="UTF-8"?>
<!-- Generated by org.testng.reporters.JUnitReportReporter -->
<testsuite hostname="SPC" failures="0" tests="1" name="com.pandeys.seleasy.inputforms.AjaxFormSubmitTest" time="16.762" errors="0" timestamp="2021-01-07T22:39:05 EST" skipped="0">
  <testcase classname="com.pandeys.seleasy.inputforms.AjaxFormSubmitTest" name="getTextTest" time="16.762"/>
  <system-out/>
</testsuite> <!-- com.pandeys.seleasy.inputforms.AjaxFormSubmitTest -->
