<?xml version="1.0" encoding="UTF-8"?>
<!-- Generated by org.testng.reporters.JUnitReportReporter -->
<testsuite hostname="SPC" failures="0" tests="4" name="com.pandeys.seleasy.inputforms.JQuerySelectDropdownTest" time="22.019" errors="0" timestamp="2021-01-11T12:44:04 EST" skipped="3">
  <testcase classname="com.pandeys.seleasy.inputforms.JQuerySelectDropdownTest" name="filesDropdownSelection" time="22.019"/>
  <system-out/>
  <testcase classname="com.pandeys.seleasy.inputforms.JQuerySelectDropdownTest" name="selectSingleSelectDropdown">
    <skipped/>
  </testcase> <!-- selectSingleSelectDropdown -->
  <system-out/>
  <testcase classname="com.pandeys.seleasy.inputforms.JQuerySelectDropdownTest" name="multiStatesDropdownSelection">
    <skipped/>
  </testcase> <!-- multiStatesDropdownSelection -->
  <system-out/>
  <testcase classname="com.pandeys.seleasy.inputforms.JQuerySelectDropdownTest" name="multiStatesSelection">
    <skipped/>
  </testcase> <!-- multiStatesSelection -->
  <system-out/>
</testsuite> <!-- com.pandeys.seleasy.inputforms.JQuerySelectDropdownTest -->
