<?xml version="1.0" encoding="UTF-8"?>
<!-- Generated by org.testng.reporters.JUnitReportReporter -->
<testsuite hostname="SPC" failures="0" tests="2" name="com.pandeys.seleasy.inputforms.checkboxdemo.SingleCheckboxDemoTest" time="11.773" errors="0" timestamp="2021-01-08T14:59:02 EST" skipped="1">
  <testcase classname="com.pandeys.seleasy.inputforms.checkboxdemo.SingleCheckboxDemoTest" name="verifyCheckboxSelection" time="11.773"/>
  <system-out/>
  <testcase classname="com.pandeys.seleasy.inputforms.checkboxdemo.SingleCheckboxDemoTest" name="verifyBlockHeader">
    <skipped/>
  </testcase> <!-- verifyBlockHeader -->
  <system-out/>
</testsuite> <!-- com.pandeys.seleasy.inputforms.checkboxdemo.SingleCheckboxDemoTest -->
