<?xml version="1.0" encoding="UTF-8"?>
<!-- Generated by org.testng.reporters.JUnitReportReporter -->
<testsuite hostname="SPC" failures="0" tests="2" name="com.pandeys.seleasy.SeleniumEasyFooterTest" time="0.206" errors="0" timestamp="2021-01-05T13:14:47 EST" skipped="0">
  <testcase classname="com.pandeys.seleasy.SeleniumEasyFooterTest" name="getPopularPostsItems" time="0.101"/>
  <system-out/>
  <testcase classname="com.pandeys.seleasy.SeleniumEasyFooterTest" name="getTutorialsMenuItems" time="0.105"/>
  <system-out/>
</testsuite> <!-- com.pandeys.seleasy.SeleniumEasyFooterTest -->
