<?xml version="1.0" encoding="UTF-8"?>
<!-- Generated by org.testng.reporters.JUnitReportReporter -->
<testsuite hostname="SPC" failures="0" tests="1" name="com.pandeys.seleasy.inputforms.RadioButtonsDemoTest" time="17.227" errors="0" timestamp="2021-01-07T22:36:09 EST" skipped="0">
  <testcase classname="com.pandeys.seleasy.inputforms.RadioButtonsDemoTest" name="getTextTest" time="17.227"/>
  <system-out/>
</testsuite> <!-- com.pandeys.seleasy.inputforms.RadioButtonsDemoTest -->
